<?xml version="1.0" encoding="UTF-8"?>
<!-- Generated by org.testng.reporters.JUnitReportReporter -->
<testsuite hostname="AVRATNAW-9PYE8" failures="0" tests="2" name="testScripts.CommunityLogin" time="29.938" errors="0" timestamp="2020-09-15T20:20:23 IST" skipped="0">
  <testcase classname="testScripts.CommunityLogin" name="signUp" time="16.001"/>
  <system-out/>
  <testcase classname="testScripts.CommunityLogin" name="signUp" time="13.937"/>
  <system-out/>
</testsuite> <!-- testScripts.CommunityLogin -->
